[0.849s] Invoking command in '/home/jgomper/Escritorio/UPV/proyecto_3/g11_prii3_ws/build/g11_prii3_turtlesim': PYTHONPATH=/home/jgomper/Escritorio/UPV/proyecto_3/g11_prii3_ws/build/g11_prii3_turtlesim/prefix_override:/usr/lib/python3/dist-packages/colcon_core/task/python/colcon_distutils_commands:/home/jgomper/Escritorio/UPV/proyecto_3/g11_prii3_ws/install/g11_prii3_turtlesim/lib/python3.8/site-packages:${PYTHONPATH} /usr/bin/python3 -W ignore:setup.py install is deprecated -W ignore:easy_install command is deprecated setup.py develop --editable --build-directory /home/jgomper/Escritorio/UPV/proyecto_3/g11_prii3_ws/build/g11_prii3_turtlesim/build --no-deps symlink_data
[1.135s] running develop
[1.282s] running egg_info
[1.282s] creating g11_prii3_turtlesim.egg-info
[1.283s] writing g11_prii3_turtlesim.egg-info/PKG-INFO
[1.283s] writing dependency_links to g11_prii3_turtlesim.egg-info/dependency_links.txt
[1.283s] writing entry points to g11_prii3_turtlesim.egg-info/entry_points.txt
[1.283s] writing requirements to g11_prii3_turtlesim.egg-info/requires.txt
[1.283s] writing top-level names to g11_prii3_turtlesim.egg-info/top_level.txt
[1.284s] writing manifest file 'g11_prii3_turtlesim.egg-info/SOURCES.txt'
[1.324s] reading manifest file 'g11_prii3_turtlesim.egg-info/SOURCES.txt'
[1.325s] writing manifest file 'g11_prii3_turtlesim.egg-info/SOURCES.txt'
[1.362s] running build_ext
[1.363s] Creating /home/jgomper/Escritorio/UPV/proyecto_3/g11_prii3_ws/install/g11_prii3_turtlesim/lib/python3.8/site-packages/site.py
[1.365s] Creating /home/jgomper/Escritorio/UPV/proyecto_3/g11_prii3_ws/install/g11_prii3_turtlesim/lib/python3.8/site-packages/g11-prii3-turtlesim.egg-link (link to .)
[1.366s] 
[1.366s] Installed /home/jgomper/Escritorio/UPV/proyecto_3/g11_prii3_ws/build/g11_prii3_turtlesim
[1.366s] running symlink_data
[1.366s] creating /home/jgomper/Escritorio/UPV/proyecto_3/g11_prii3_ws/install/g11_prii3_turtlesim/share/ament_index
[1.366s] creating /home/jgomper/Escritorio/UPV/proyecto_3/g11_prii3_ws/install/g11_prii3_turtlesim/share/ament_index/resource_index
[1.366s] creating /home/jgomper/Escritorio/UPV/proyecto_3/g11_prii3_ws/install/g11_prii3_turtlesim/share/ament_index/resource_index/packages
[1.366s] symbolically linking /home/jgomper/Escritorio/UPV/proyecto_3/g11_prii3_ws/build/g11_prii3_turtlesim/resource/g11_prii3_turtlesim -> /home/jgomper/Escritorio/UPV/proyecto_3/g11_prii3_ws/install/g11_prii3_turtlesim/share/ament_index/resource_index/packages
[1.366s] symbolically linking /home/jgomper/Escritorio/UPV/proyecto_3/g11_prii3_ws/build/g11_prii3_turtlesim/package.xml -> /home/jgomper/Escritorio/UPV/proyecto_3/g11_prii3_ws/install/g11_prii3_turtlesim/share/g11_prii3_turtlesim
[1.395s] Invoked command in '/home/jgomper/Escritorio/UPV/proyecto_3/g11_prii3_ws/build/g11_prii3_turtlesim' returned '0': PYTHONPATH=/home/jgomper/Escritorio/UPV/proyecto_3/g11_prii3_ws/build/g11_prii3_turtlesim/prefix_override:/usr/lib/python3/dist-packages/colcon_core/task/python/colcon_distutils_commands:/home/jgomper/Escritorio/UPV/proyecto_3/g11_prii3_ws/install/g11_prii3_turtlesim/lib/python3.8/site-packages:${PYTHONPATH} /usr/bin/python3 -W ignore:setup.py install is deprecated -W ignore:easy_install command is deprecated setup.py develop --editable --build-directory /home/jgomper/Escritorio/UPV/proyecto_3/g11_prii3_ws/build/g11_prii3_turtlesim/build --no-deps symlink_data
